[29Jun2025 00:00:46.578] [Server thread/WARN] [de.teamlapen.vampirism.network.ServerboundToggleActionPacket/]: Could not find entity 146653 the player was looking at when toggling action
[29Jun2025 00:01:20.168] [Server thread/INFO] [net.minecraft.server.MinecraftServer/]: Zairac74509 has made the advancement [A Terrible Fortress]
[29Jun2025 00:04:49.848] [Server thread/INFO] [net.minecraft.server.MinecraftServer/]: Zairac74509 has made the advancement [Through the Gauntlet]
[29Jun2025 00:05:20.503] [Server thread/INFO] [net.minecraft.server.MinecraftServer/]: Zairac74509 has made the advancement [Hidden in the Depths]
[29Jun2025 00:06:24.613] [Worker-Main-3/WARN] [net.minecraft.world.level.levelgen.structure.pools.JigsawPlacement/]: Empty or non-existent pool: fokastudio:end/stronghold/illagers
[29Jun2025 00:06:24.708] [Worker-Main-3/WARN] [net.minecraft.world.level.levelgen.structure.pools.JigsawPlacement/]: Empty or non-existent pool: stellaris:stronghold/corridors_no_stairs
[29Jun2025 00:06:24.763] [Worker-Main-3/WARN] [net.minecraft.world.level.levelgen.structure.pools.JigsawPlacement/]: Empty or non-existent pool: stellarity:stronghold/storage/piles
[29Jun2025 00:06:24.763] [Worker-Main-3/WARN] [net.minecraft.world.level.levelgen.structure.pools.JigsawPlacement/]: Empty or non-existent pool: stellarity:stronghold/storage/piles
[29Jun2025 00:06:24.947] [Worker-Main-3/WARN] [net.minecraft.world.level.levelgen.structure.pools.JigsawPlacement/]: Empty or non-existent pool: fokastudio:end/stronghold/illagers
[29Jun2025 00:06:25.217] [Worker-Main-3/WARN] [net.minecraft.world.level.levelgen.structure.pools.JigsawPlacement/]: Empty or non-existent pool: stellaris:stronghold/corridors_no_stairs
[29Jun2025 00:06:25.364] [Worker-Main-3/WARN] [net.minecraft.world.level.levelgen.structure.pools.JigsawPlacement/]: Empty or non-existent pool: stellaris:stronghold/corridors_no_stairs
[29Jun2025 00:06:25.437] [Worker-Main-3/WARN] [net.minecraft.world.level.levelgen.structure.pools.JigsawPlacement/]: Empty or non-existent pool: fokastudio:end/stronghold/illagers
[29Jun2025 00:06:25.675] [Worker-Main-3/WARN] [net.minecraft.world.level.levelgen.structure.pools.JigsawPlacement/]: Empty or non-existent pool: stellarity:stronghold/storage/piles
[29Jun2025 00:06:25.675] [Worker-Main-3/WARN] [net.minecraft.world.level.levelgen.structure.pools.JigsawPlacement/]: Empty or non-existent pool: stellarity:stronghold/storage/piles
[29Jun2025 00:06:25.714] [Worker-Main-3/WARN] [net.minecraft.world.level.levelgen.structure.pools.JigsawPlacement/]: Empty or non-existent pool: stellaris:stronghold/corridors_no_stairs
[29Jun2025 00:06:26.531] [Worker-Main-3/WARN] [net.minecraft.world.level.levelgen.structure.pools.JigsawPlacement/]: Empty or non-existent pool: fokastudio:end/stronghold/illagers
[29Jun2025 00:08:03.596] [Server thread/WARN] [net.minecraft.world.level.chunk.LevelChunk/]: Tried to load a DUMMY block entity @ BlockPos{x=-1767, y=56, z=5425} but found not block entity block Block{minecraft:water}[level=1] at location
[29Jun2025 00:08:03.598] [Server thread/WARN] [net.minecraft.world.level.chunk.LevelChunk/]: Tried to load a block entity for block Block{minecraft:water}[level=1] but failed at location BlockPos{x=-1767, y=56, z=5425}
[29Jun2025 00:08:36.279] [Server thread/INFO] [net.minecraft.world.entity.npc.Villager/]: Villager Villager['Florist'/130, l='ServerLevel[world]', x=189.30, y=69.55, z=196.70] died, message: 'Florist drowned'
[29Jun2025 00:09:35.722] [Server thread/INFO] [net.minecraft.world.entity.npc.Villager/]: Villager ConvertedVillagerEntity['Forester'/36017, l='ServerLevel[world]', x=170.50, y=72.00, z=204.01] died, message: 'Forester was slain by Vampire Hunter'
[29Jun2025 00:15:48.841] [Server thread/INFO] [net.minecraft.server.MinecraftServer/]: [Not Secure] <camilxdk1> xaero-waypoint:Shared Location:S:-2254:69:5254:0:false:0:Internal-overworld-waypoints
[29Jun2025 00:16:12.617] [Server thread/WARN] [net.minecraft.server.MinecraftServer/]: Can't keep up! Is the server overloaded? Running 3766ms or 75 ticks behind
[29Jun2025 00:16:12.682] [Server thread/WARN] [net.minecraft.server.network.ServerGamePacketListenerImpl/]: camilxdk1 moved too quickly! -9.747845175777911,1.7967356006687112,2.616183554926465
[29Jun2025 00:19:23.779] [Server thread/INFO] [net.minecraft.server.MinecraftServer/]: Zairac74509 has made the advancement [Cursed Pyramid]
[29Jun2025 00:22:34.786] [Server thread/INFO] [irons_spells_js/]: traveloptics:summon_desert_dwellers
[29Jun2025 00:22:34.788] [Server thread/INFO] [irons_spells_js/]: com.gametechbc.traveloptics.spells.holy.SummonDesertDwellers@cd7597e0
[29Jun2025 00:22:38.025] [Server thread/INFO] [irons_spells_js/]: irons_spellbooks:poison_splash
[29Jun2025 00:22:38.025] [Server thread/INFO] [irons_spells_js/]: io.redspace.ironsspellbooks.spells.nature.PoisonSplashSpell@75fdcfa8
[29Jun2025 00:23:11.523] [Server thread/INFO] [net.minecraft.server.MinecraftServer/]: Zairac74509 has completed the challenge [Necronomicon]
[29Jun2025 00:24:04.068] [Server thread/INFO] [net.minecraft.server.MinecraftServer/]: camilxdk1 has made the advancement [A Flaming Sword]
[29Jun2025 00:29:16.983] [Server thread/INFO] [net.minecraft.server.MinecraftServer/]: camilxdk1 has made the advancement [Lorem Ipsum]
[29Jun2025 00:30:02.299] [Server thread/INFO] [net.minecraft.server.MinecraftServer/]: camilxdk1 has made the advancement [The Journey Begins]
[29Jun2025 00:30:18.760] [Server thread/INFO] [com.github.alexmodguy.alexscaves.AlexsCaves/]: Found alexscaves:abyssal_chasm at -30 14 8305 in 0s
